<?xml version="1.0" encoding="UTF-8"?>
<!-- Generated by org.testng.reporters.JUnitReportReporter -->
<testsuite skipped="0" hostname="Santo" name="TestRunner.CucumberRunner$CucumberRunnerTests" tests="1" failures="0" timestamp="2023-06-12T17:13:15 BDT" time="1.344" errors="0">
  <testcase name="runScenario" time="1.344" classname="TestRunner.CucumberRunner$CucumberRunnerTests"/>
  <system-out/>
</testsuite> <!-- TestRunner.CucumberRunner$CucumberRunnerTests -->
